  my_assembler_20150286.c
C:\Users\sec\Desktop\공부\시스템프로그래밍\my_assemble\my_assembler_20150286.c(98,12): warning C4996: 'fopen': This function or variable may be unsafe. Consider using fopen_s instead. To disable deprecation, use _CRT_SECURE_NO_WARNINGS. See online help for details.
C:\Users\sec\Desktop\공부\시스템프로그래밍\my_assemble\my_assembler_20150286.c(104,23): warning C4996: 'fscanf': This function or variable may be unsafe. Consider using fscanf_s instead. To disable deprecation, use _CRT_SECURE_NO_WARNINGS. See online help for details.
C:\Users\sec\Desktop\공부\시스템프로그래밍\my_assemble\my_assembler_20150286.c(138,12): warning C4996: 'fopen': This function or variable may be unsafe. Consider using fopen_s instead. To disable deprecation, use _CRT_SECURE_NO_WARNINGS. See online help for details.
C:\Users\sec\Desktop\공부\시스템프로그래밍\my_assemble\my_assembler_20150286.c(147,13): warning C4996: 'strcpy': This function or variable may be unsafe. Consider using strcpy_s instead. To disable deprecation, use _CRT_SECURE_NO_WARNINGS. See online help for details.
C:\Users\sec\Desktop\공부\시스템프로그래밍\my_assemble\my_assembler_20150286.c(175,5): warning C4996: 'sscanf': This function or variable may be unsafe. Consider using sscanf_s instead. To disable deprecation, use _CRT_SECURE_NO_WARNINGS. See online help for details.
C:\Users\sec\Desktop\공부\시스템프로그래밍\my_assemble\my_assembler_20150286.c(194,45): warning C4996: 'strtok': This function or variable may be unsafe. Consider using strtok_s instead. To disable deprecation, use _CRT_SECURE_NO_WARNINGS. See online help for details.
C:\Users\sec\Desktop\공부\시스템프로그래밍\my_assemble\my_assembler_20150286.c(195,47): warning C4996: 'strtok': This function or variable may be unsafe. Consider using strtok_s instead. To disable deprecation, use _CRT_SECURE_NO_WARNINGS. See online help for details.
C:\Users\sec\Desktop\공부\시스템프로그래밍\my_assemble\my_assembler_20150286.c(196,44): warning C4996: 'strtok': This function or variable may be unsafe. Consider using strtok_s instead. To disable deprecation, use _CRT_SECURE_NO_WARNINGS. See online help for details.
C:\Users\sec\Desktop\공부\시스템프로그래밍\my_assemble\my_assembler_20150286.c(202,42): warning C4996: 'strtok': This function or variable may be unsafe. Consider using strtok_s instead. To disable deprecation, use _CRT_SECURE_NO_WARNINGS. See online help for details.
C:\Users\sec\Desktop\공부\시스템프로그래밍\my_assemble\my_assembler_20150286.c(203,45): warning C4996: 'strtok': This function or variable may be unsafe. Consider using strtok_s instead. To disable deprecation, use _CRT_SECURE_NO_WARNINGS. See online help for details.
C:\Users\sec\Desktop\공부\시스템프로그래밍\my_assemble\my_assembler_20150286.c(204,47): warning C4996: 'strtok': This function or variable may be unsafe. Consider using strtok_s instead. To disable deprecation, use _CRT_SECURE_NO_WARNINGS. See online help for details.
C:\Users\sec\Desktop\공부\시스템프로그래밍\my_assemble\my_assembler_20150286.c(205,44): warning C4996: 'strtok': This function or variable may be unsafe. Consider using strtok_s instead. To disable deprecation, use _CRT_SECURE_NO_WARNINGS. See online help for details.
C:\Users\sec\Desktop\공부\시스템프로그래밍\my_assemble\my_assembler_20150286.c(209,43): warning C4996: 'strtok': This function or variable may be unsafe. Consider using strtok_s instead. To disable deprecation, use _CRT_SECURE_NO_WARNINGS. See online help for details.
C:\Users\sec\Desktop\공부\시스템프로그래밍\my_assemble\my_assembler_20150286.c(210,43): warning C4996: 'strtok': This function or variable may be unsafe. Consider using strtok_s instead. To disable deprecation, use _CRT_SECURE_NO_WARNINGS. See online help for details.
C:\Users\sec\Desktop\공부\시스템프로그래밍\my_assemble\my_assembler_20150286.c(211,43): warning C4996: 'strtok': This function or variable may be unsafe. Consider using strtok_s instead. To disable deprecation, use _CRT_SECURE_NO_WARNINGS. See online help for details.
C:\Users\sec\Desktop\공부\시스템프로그래밍\my_assemble\my_assembler_20150286.c(294,43): warning C4047: '=': 'char'의 간접 참조 수준이 'char [1]'과(와) 다릅니다.
C:\Users\sec\Desktop\공부\시스템프로그래밍\my_assemble\my_assembler_20150286.c(351,50): warning C4047: '!=': 'int'의 간접 참조 수준이 'void *'과(와) 다릅니다.
C:\Users\sec\Desktop\공부\시스템프로그래밍\my_assemble\my_assembler_20150286.c(379,43): warning C4047: '=': 'char'의 간접 참조 수준이 'char [1]'과(와) 다릅니다.
C:\Users\sec\Desktop\공부\시스템프로그래밍\my_assemble\my_assembler_20150286.c(439,50): warning C4047: '!=': 'int'의 간접 참조 수준이 'void *'과(와) 다릅니다.
C:\Users\sec\Desktop\공부\시스템프로그래밍\my_assemble\my_assembler_20150286.c(468,43): warning C4047: '=': 'char'의 간접 참조 수준이 'char [1]'과(와) 다릅니다.
C:\Users\sec\Desktop\공부\시스템프로그래밍\my_assemble\my_assembler_20150286.c(525,50): warning C4047: '!=': 'int'의 간접 참조 수준이 'void *'과(와) 다릅니다.
C:\Users\sec\Desktop\공부\시스템프로그래밍\my_assemble\my_assembler_20150286.c(292,13): warning C4996: 'strcpy': This function or variable may be unsafe. Consider using strcpy_s instead. To disable deprecation, use _CRT_SECURE_NO_WARNINGS. See online help for details.
C:\Users\sec\Desktop\공부\시스템프로그래밍\my_assemble\my_assembler_20150286.c(296,13): warning C4996: 'strcpy': This function or variable may be unsafe. Consider using strcpy_s instead. To disable deprecation, use _CRT_SECURE_NO_WARNINGS. See online help for details.
C:\Users\sec\Desktop\공부\시스템프로그래밍\my_assemble\my_assembler_20150286.c(299,13): warning C4996: 'strcpy': This function or variable may be unsafe. Consider using strcpy_s instead. To disable deprecation, use _CRT_SECURE_NO_WARNINGS. See online help for details.
C:\Users\sec\Desktop\공부\시스템프로그래밍\my_assemble\my_assembler_20150286.c(328,29): warning C4996: 'strtok': This function or variable may be unsafe. Consider using strtok_s instead. To disable deprecation, use _CRT_SECURE_NO_WARNINGS. See online help for details.
C:\Users\sec\Desktop\공부\시스템프로그래밍\my_assemble\my_assembler_20150286.c(338,23): warning C4996: 'strtok': This function or variable may be unsafe. Consider using strtok_s instead. To disable deprecation, use _CRT_SECURE_NO_WARNINGS. See online help for details.
C:\Users\sec\Desktop\공부\시스템프로그래밍\my_assemble\my_assembler_20150286.c(377,13): warning C4996: 'strcpy': This function or variable may be unsafe. Consider using strcpy_s instead. To disable deprecation, use _CRT_SECURE_NO_WARNINGS. See online help for details.
C:\Users\sec\Desktop\공부\시스템프로그래밍\my_assemble\my_assembler_20150286.c(381,13): warning C4996: 'strcpy': This function or variable may be unsafe. Consider using strcpy_s instead. To disable deprecation, use _CRT_SECURE_NO_WARNINGS. See online help for details.
C:\Users\sec\Desktop\공부\시스템프로그래밍\my_assemble\my_assembler_20150286.c(384,13): warning C4996: 'strcpy': This function or variable may be unsafe. Consider using strcpy_s instead. To disable deprecation, use _CRT_SECURE_NO_WARNINGS. See online help for details.
C:\Users\sec\Desktop\공부\시스템프로그래밍\my_assemble\my_assembler_20150286.c(416,29): warning C4996: 'strtok': This function or variable may be unsafe. Consider using strtok_s instead. To disable deprecation, use _CRT_SECURE_NO_WARNINGS. See online help for details.
C:\Users\sec\Desktop\공부\시스템프로그래밍\my_assemble\my_assembler_20150286.c(426,23): warning C4996: 'strtok': This function or variable may be unsafe. Consider using strtok_s instead. To disable deprecation, use _CRT_SECURE_NO_WARNINGS. See online help for details.
C:\Users\sec\Desktop\공부\시스템프로그래밍\my_assemble\my_assembler_20150286.c(466,13): warning C4996: 'strcpy': This function or variable may be unsafe. Consider using strcpy_s instead. To disable deprecation, use _CRT_SECURE_NO_WARNINGS. See online help for details.
C:\Users\sec\Desktop\공부\시스템프로그래밍\my_assemble\my_assembler_20150286.c(470,13): warning C4996: 'strcpy': This function or variable may be unsafe. Consider using strcpy_s instead. To disable deprecation, use _CRT_SECURE_NO_WARNINGS. See online help for details.
C:\Users\sec\Desktop\공부\시스템프로그래밍\my_assemble\my_assembler_20150286.c(473,13): warning C4996: 'strcpy': This function or variable may be unsafe. Consider using strcpy_s instead. To disable deprecation, use _CRT_SECURE_NO_WARNINGS. See online help for details.
C:\Users\sec\Desktop\공부\시스템프로그래밍\my_assemble\my_assembler_20150286.c(502,29): warning C4996: 'strtok': This function or variable may be unsafe. Consider using strtok_s instead. To disable deprecation, use _CRT_SECURE_NO_WARNINGS. See online help for details.
C:\Users\sec\Desktop\공부\시스템프로그래밍\my_assemble\my_assembler_20150286.c(512,23): warning C4996: 'strtok': This function or variable may be unsafe. Consider using strtok_s instead. To disable deprecation, use _CRT_SECURE_NO_WARNINGS. See online help for details.
C:\Users\sec\Desktop\공부\시스템프로그래밍\my_assemble\my_assembler_20150286.c(649,16): warning C4996: 'fopen': This function or variable may be unsafe. Consider using fopen_s instead. To disable deprecation, use _CRT_SECURE_NO_WARNINGS. See online help for details.
C:\Users\sec\Desktop\공부\시스템프로그래밍\my_assemble\my_assembler_20150286.c(689,16): warning C4996: 'fopen': This function or variable may be unsafe. Consider using fopen_s instead. To disable deprecation, use _CRT_SECURE_NO_WARNINGS. See online help for details.
C:\Users\sec\Desktop\공부\시스템프로그래밍\my_assemble\my_assembler_20150286.c(691,13): warning C4996: 'strcpy': This function or variable may be unsafe. Consider using strcpy_s instead. To disable deprecation, use _CRT_SECURE_NO_WARNINGS. See online help for details.
C:\Users\sec\Desktop\공부\시스템프로그래밍\my_assemble\my_assembler_20150286.c(692,19): warning C4996: 'strtok': This function or variable may be unsafe. Consider using strtok_s instead. To disable deprecation, use _CRT_SECURE_NO_WARNINGS. See online help for details.
C:\Users\sec\Desktop\공부\시스템프로그래밍\my_assemble\my_assembler_20150286.c(693,19): warning C4996: 'strtok': This function or variable may be unsafe. Consider using strtok_s instead. To disable deprecation, use _CRT_SECURE_NO_WARNINGS. See online help for details.
C:\Users\sec\Desktop\공부\시스템프로그래밍\my_assemble\my_assembler_20150286.c(699,13): warning C4996: 'strcpy': This function or variable may be unsafe. Consider using strcpy_s instead. To disable deprecation, use _CRT_SECURE_NO_WARNINGS. See online help for details.
C:\Users\sec\Desktop\공부\시스템프로그래밍\my_assemble\my_assembler_20150286.c(700,19): warning C4996: 'strtok': This function or variable may be unsafe. Consider using strtok_s instead. To disable deprecation, use _CRT_SECURE_NO_WARNINGS. See online help for details.
C:\Users\sec\Desktop\공부\시스템프로그래밍\my_assemble\my_assembler_20150286.c(701,19): warning C4996: 'strtok': This function or variable may be unsafe. Consider using strtok_s instead. To disable deprecation, use _CRT_SECURE_NO_WARNINGS. See online help for details.
C:\Users\sec\Desktop\공부\시스템프로그래밍\my_assemble\my_assembler_20150286.c(733,13): warning C4996: 'sscanf': This function or variable may be unsafe. Consider using sscanf_s instead. To disable deprecation, use _CRT_SECURE_NO_WARNINGS. See online help for details.
C:\Users\sec\Desktop\공부\시스템프로그래밍\my_assemble\my_assembler_20150286.c(777,25): warning C4996: 'sscanf': This function or variable may be unsafe. Consider using sscanf_s instead. To disable deprecation, use _CRT_SECURE_NO_WARNINGS. See online help for details.
C:\Users\sec\Desktop\공부\시스템프로그래밍\my_assemble\my_assembler_20150286.c(830,13): warning C4996: 'sscanf': This function or variable may be unsafe. Consider using sscanf_s instead. To disable deprecation, use _CRT_SECURE_NO_WARNINGS. See online help for details.
C:\Users\sec\Desktop\공부\시스템프로그래밍\my_assemble\my_assembler_20150286.c(874,25): warning C4996: 'sscanf': This function or variable may be unsafe. Consider using sscanf_s instead. To disable deprecation, use _CRT_SECURE_NO_WARNINGS. See online help for details.
C:\Users\sec\Desktop\공부\시스템프로그래밍\my_assemble\my_assembler_20150286.c(939,13): warning C4996: 'sscanf': This function or variable may be unsafe. Consider using sscanf_s instead. To disable deprecation, use _CRT_SECURE_NO_WARNINGS. See online help for details.
C:\Users\sec\Desktop\공부\시스템프로그래밍\my_assemble\my_assembler_20150286.c(983,25): warning C4996: 'sscanf': This function or variable may be unsafe. Consider using sscanf_s instead. To disable deprecation, use _CRT_SECURE_NO_WARNINGS. See online help for details.
C:\Users\sec\Desktop\공부\시스템프로그래밍\my_assemble\my_assembler_20150286.c(1085,70): warning C4013: 'search_symbol'이(가) 정의되지 않았습니다. extern은 int형을 반환하는 것으로 간주합니다.
C:\Users\sec\Desktop\공부\시스템프로그래밍\my_assemble\my_assembler_20150286.c(1352,41): warning C4129: '-': 문자 이스케이프 시퀀스를 인식할 수 없습니다.
C:\Users\sec\Desktop\공부\시스템프로그래밍\my_assemble\my_assembler_20150286.c(1354,41): warning C4129: '-': 문자 이스케이프 시퀀스를 인식할 수 없습니다.
C:\Users\sec\Desktop\공부\시스템프로그래밍\my_assemble\my_assembler_20150286.c(1749,41): warning C4129: '-': 문자 이스케이프 시퀀스를 인식할 수 없습니다.
C:\Users\sec\Desktop\공부\시스템프로그래밍\my_assemble\my_assembler_20150286.c(1751,41): warning C4129: '-': 문자 이스케이프 시퀀스를 인식할 수 없습니다.
C:\Users\sec\Desktop\공부\시스템프로그래밍\my_assemble\my_assembler_20150286.c(1068,16): warning C4996: 'fopen': This function or variable may be unsafe. Consider using fopen_s instead. To disable deprecation, use _CRT_SECURE_NO_WARNINGS. See online help for details.
C:\Users\sec\Desktop\공부\시스템프로그래밍\my_assemble\my_assembler_20150286.c(1308,17): warning C4996: 'strcpy': This function or variable may be unsafe. Consider using strcpy_s instead. To disable deprecation, use _CRT_SECURE_NO_WARNINGS. See online help for details.
C:\Users\sec\Desktop\공부\시스템프로그래밍\my_assemble\my_assembler_20150286.c(1309,24): warning C4996: 'strtok': This function or variable may be unsafe. Consider using strtok_s instead. To disable deprecation, use _CRT_SECURE_NO_WARNINGS. See online help for details.
C:\Users\sec\Desktop\공부\시스템프로그래밍\my_assemble\my_assembler_20150286.c(1310,24): warning C4996: 'strtok': This function or variable may be unsafe. Consider using strtok_s instead. To disable deprecation, use _CRT_SECURE_NO_WARNINGS. See online help for details.
C:\Users\sec\Desktop\공부\시스템프로그래밍\my_assemble\my_assembler_20150286.c(1351,21): warning C4996: 'strcpy': This function or variable may be unsafe. Consider using strcpy_s instead. To disable deprecation, use _CRT_SECURE_NO_WARNINGS. See online help for details.
C:\Users\sec\Desktop\공부\시스템프로그래밍\my_assemble\my_assembler_20150286.c(1352,28): warning C4996: 'strtok': This function or variable may be unsafe. Consider using strtok_s instead. To disable deprecation, use _CRT_SECURE_NO_WARNINGS. See online help for details.
C:\Users\sec\Desktop\공부\시스템프로그래밍\my_assemble\my_assembler_20150286.c(1354,28): warning C4996: 'strtok': This function or variable may be unsafe. Consider using strtok_s instead. To disable deprecation, use _CRT_SECURE_NO_WARNINGS. See online help for details.
C:\Users\sec\Desktop\공부\시스템프로그래밍\my_assemble\my_assembler_20150286.c(1443,21): warning C4996: 'strcpy': This function or variable may be unsafe. Consider using strcpy_s instead. To disable deprecation, use _CRT_SECURE_NO_WARNINGS. See online help for details.
C:\Users\sec\Desktop\공부\시스템프로그래밍\my_assemble\my_assembler_20150286.c(1444,27): warning C4996: 'strtok': This function or variable may be unsafe. Consider using strtok_s instead. To disable deprecation, use _CRT_SECURE_NO_WARNINGS. See online help for details.
C:\Users\sec\Desktop\공부\시스템프로그래밍\my_assemble\my_assembler_20150286.c(1445,27): warning C4996: 'strtok': This function or variable may be unsafe. Consider using strtok_s instead. To disable deprecation, use _CRT_SECURE_NO_WARNINGS. See online help for details.
C:\Users\sec\Desktop\공부\시스템프로그래밍\my_assemble\my_assembler_20150286.c(1705,17): warning C4996: 'strcpy': This function or variable may be unsafe. Consider using strcpy_s instead. To disable deprecation, use _CRT_SECURE_NO_WARNINGS. See online help for details.
C:\Users\sec\Desktop\공부\시스템프로그래밍\my_assemble\my_assembler_20150286.c(1706,24): warning C4996: 'strtok': This function or variable may be unsafe. Consider using strtok_s instead. To disable deprecation, use _CRT_SECURE_NO_WARNINGS. See online help for details.
C:\Users\sec\Desktop\공부\시스템프로그래밍\my_assemble\my_assembler_20150286.c(1707,24): warning C4996: 'strtok': This function or variable may be unsafe. Consider using strtok_s instead. To disable deprecation, use _CRT_SECURE_NO_WARNINGS. See online help for details.
C:\Users\sec\Desktop\공부\시스템프로그래밍\my_assemble\my_assembler_20150286.c(1748,21): warning C4996: 'strcpy': This function or variable may be unsafe. Consider using strcpy_s instead. To disable deprecation, use _CRT_SECURE_NO_WARNINGS. See online help for details.
C:\Users\sec\Desktop\공부\시스템프로그래밍\my_assemble\my_assembler_20150286.c(1749,28): warning C4996: 'strtok': This function or variable may be unsafe. Consider using strtok_s instead. To disable deprecation, use _CRT_SECURE_NO_WARNINGS. See online help for details.
C:\Users\sec\Desktop\공부\시스템프로그래밍\my_assemble\my_assembler_20150286.c(1751,28): warning C4996: 'strtok': This function or variable may be unsafe. Consider using strtok_s instead. To disable deprecation, use _CRT_SECURE_NO_WARNINGS. See online help for details.
C:\Users\sec\Desktop\공부\시스템프로그래밍\my_assemble\my_assembler_20150286.c(1840,21): warning C4996: 'strcpy': This function or variable may be unsafe. Consider using strcpy_s instead. To disable deprecation, use _CRT_SECURE_NO_WARNINGS. See online help for details.
C:\Users\sec\Desktop\공부\시스템프로그래밍\my_assemble\my_assembler_20150286.c(1841,27): warning C4996: 'strtok': This function or variable may be unsafe. Consider using strtok_s instead. To disable deprecation, use _CRT_SECURE_NO_WARNINGS. See online help for details.
C:\Users\sec\Desktop\공부\시스템프로그래밍\my_assemble\my_assembler_20150286.c(1842,27): warning C4996: 'strtok': This function or variable may be unsafe. Consider using strtok_s instead. To disable deprecation, use _CRT_SECURE_NO_WARNINGS. See online help for details.
  my_assemble.vcxproj -> C:\Users\sec\Desktop\공부\시스템프로그래밍\my_assemble\Debug\my_assemble.exe
